<?xml version="1.0" encoding="UTF-8"?>
<!-- Generated by org.testng.reporters.JUnitXMLReporter -->
<testsuite hostname="HIBAIL56712" name="Test" tests="6" failures="1" timestamp="25 Jul 2017 08:07:14 GMT" time="44.665" errors="0">
  <testcase name="enterInputFormDetails" time="4.202" classname="com.automation.testcases.InputFormSubmitPageTest"/>
  <testcase name="enterInputFormDetails" time="4.219" classname="com.automation.testcases.InputFormSubmitPageTest"/>
  <testcase name="validatingFieldsData" time="10.373" classname="com.automation.testcases.InputFormSubmitPageTest"/>
  <testcase name="ajaxSubmitPageLaunch" time="1.018" classname="com.automation.testcases.AjaxFormSubmitPageTest"/>
  <testcase name="validatingFieldsData" time="10.092" classname="com.automation.testcases.AjaxFormSubmitPageTest"/>
  <testcase name="submitAjaxForm" time="10.798" classname="com.automation.testcases.AjaxFormSubmitPageTest">
    <failure type="org.openqa.selenium.NoSuchElementException" message="Unable to locate element: //input[@id=&amp;apos;btn-submit&amp;apos; and @value=&amp;apos;submitt&amp;apos;]
For documentation on this error, please visit: http://seleniumhq.org/exceptions/no_such_element.html
Build info: version: &amp;apos;3.4.0&amp;apos;, revision: &amp;apos;unknown&amp;apos;, time: &amp;apos;unknown&amp;apos;
System info: host: &amp;apos;HIBAIL56712&amp;apos;, ip: &amp;apos;10.91.232.71&amp;apos;, os.name: &amp;apos;Windows 7&amp;apos;, os.arch: &amp;apos;amd64&amp;apos;, os.version: &amp;apos;6.1&amp;apos;, java.version: &amp;apos;1.8.0_141&amp;apos;
Driver info: org.openqa.selenium.firefox.FirefoxDriver
Capabilities [{moz:profile=C:\Users\bbanduch\AppData\Local\Temp\rust_mozprofile.YnznVpdEL1Nk, rotatable=false, timeouts={implicit=0.0, pageLoad=300000.0, script=30000.0}, pageLoadStrategy=normal, platform=ANY, specificationLevel=0.0, moz:accessibilityChecks=false, acceptInsecureCerts=false, browserVersion=54.0.1, platformVersion=6.1, moz:processID=10128.0, browserName=firefox, javascriptEnabled=true, platformName=windows_nt}]
Session ID: bd512939-5e81-4dd6-a6cd-2a7bee9bb4a7
*** Element info: {Using=xpath, value=//input[@id=&amp;apos;btn-submit&amp;apos; and @value=&amp;apos;submitt&amp;apos;]}">
      <![CDATA[org.openqa.selenium.NoSuchElementException: Unable to locate element: //input[@id='btn-submit' and @value='submitt']
For documentation on this error, please visit: http://seleniumhq.org/exceptions/no_such_element.html
Build info: version: '3.4.0', revision: 'unknown', time: 'unknown'
System info: host: 'HIBAIL56712', ip: '10.91.232.71', os.name: 'Windows 7', os.arch: 'amd64', os.version: '6.1', java.version: '1.8.0_141'
Driver info: org.openqa.selenium.firefox.FirefoxDriver
Capabilities [{moz:profile=C:\Users\bbanduch\AppData\Local\Temp\rust_mozprofile.YnznVpdEL1Nk, rotatable=false, timeouts={implicit=0.0, pageLoad=300000.0, script=30000.0}, pageLoadStrategy=normal, platform=ANY, specificationLevel=0.0, moz:accessibilityChecks=false, acceptInsecureCerts=false, browserVersion=54.0.1, platformVersion=6.1, moz:processID=10128.0, browserName=firefox, javascriptEnabled=true, platformName=windows_nt}]
Session ID: bd512939-5e81-4dd6-a6cd-2a7bee9bb4a7
*** Element info: {Using=xpath, value=//input[@id='btn-submit' and @value='submitt']}
	at org.openqa.selenium.remote.http.W3CHttpResponseCodec.createException(W3CHttpResponseCodec.java:150)
	at org.openqa.selenium.remote.http.W3CHttpResponseCodec.decode(W3CHttpResponseCodec.java:115)
	at org.openqa.selenium.remote.http.W3CHttpResponseCodec.decode(W3CHttpResponseCodec.java:45)
	at org.openqa.selenium.remote.HttpCommandExecutor.execute(HttpCommandExecutor.java:164)
	at org.openqa.selenium.remote.service.DriverCommandExecutor.execute(DriverCommandExecutor.java:82)
	at org.openqa.selenium.remote.RemoteWebDriver.execute(RemoteWebDriver.java:637)
	at org.openqa.selenium.remote.RemoteWebDriver.findElement(RemoteWebDriver.java:410)
	at org.openqa.selenium.remote.RemoteWebDriver.findElementByXPath(RemoteWebDriver.java:509)
	at org.openqa.selenium.By$ByXPath.findElement(By.java:361)
	at org.openqa.selenium.remote.RemoteWebDriver.findElement(RemoteWebDriver.java:402)
	at org.openqa.selenium.support.pagefactory.DefaultElementLocator.findElement(DefaultElementLocator.java:69)
	at org.openqa.selenium.support.pagefactory.internal.LocatingElementHandler.invoke(LocatingElementHandler.java:38)
	at com.sun.proxy.$Proxy10.click(Unknown Source)
	at com.automation.pageobjects.AjaxFormSubmitPage.enterAjaxFormDetails(AjaxFormSubmitPage.java:52)
	at com.automation.testcases.AjaxFormSubmitPageTest.submitAjaxForm(AjaxFormSubmitPageTest.java:69)
... Removed 28 stack frames]]>
    </failure>
  </testcase> <!-- submitAjaxForm -->
</testsuite> <!-- Test -->
