<?xml version="1.0" encoding="UTF-8"?>
<testng-results skipped="0" failed="1" ignored="2" total="8" passed="5">
  <reporter-output>
  </reporter-output>
  <suite name="Suite" duration-ms="44876" started-at="2017-07-25T04:20:17Z" finished-at="2017-07-25T04:21:02Z">
    <groups>
    </groups>
    <test name="Test" duration-ms="44876" started-at="2017-07-25T04:20:17Z" finished-at="2017-07-25T04:21:02Z">
      <class name="com.automation.testcases.InputFormSubmitPageTest">
        <test-method status="PASS" signature="before()[pri:0, instance:com.automation.testcases.InputFormSubmitPageTest@6574b225]" name="before" is-config="true" duration-ms="9619" started-at="2017-07-25T09:50:07Z" finished-at="2017-07-25T09:50:17Z">
          <reporter-output>
          </reporter-output>
        </test-method> <!-- before -->
        <test-method status="PASS" signature="inputFormSubmitLaunch()[pri:0, instance:com.automation.testcases.InputFormSubmitPageTest@6574b225]" name="inputFormSubmitLaunch" is-config="true" duration-ms="1313" started-at="2017-07-25T09:50:17Z" finished-at="2017-07-25T09:50:18Z">
          <reporter-output>
          </reporter-output>
        </test-method> <!-- inputFormSubmitLaunch -->
        <test-method status="PASS" signature="enterInputFormDetails(java.lang.String, java.lang.String, java.lang.String, java.lang.String, java.lang.String, java.lang.String, java.lang.String, java.lang.String, java.lang.String)[pri:0, instance:com.automation.testcases.InputFormSubmitPageTest@6574b225]" name="enterInputFormDetails" duration-ms="4745" started-at="2017-07-25T09:50:20Z" data-provider="DataSupply" finished-at="2017-07-25T09:50:24Z">
          <params>
            <param index="0">
              <value>
                <![CDATA[firstName1]]>
              </value>
            </param>
            <param index="1">
              <value>
                <![CDATA[10/12/16]]>
              </value>
            </param>
            <param index="2">
              <value>
                <![CDATA[1email@email.com]]>
              </value>
            </param>
            <param index="3">
              <value>
                <![CDATA[9008001242]]>
              </value>
            </param>
            <param index="4">
              <value>
                <![CDATA[#163, FirstFlr, Doddanekundi]]>
              </value>
            </param>
            <param index="5">
              <value>
                <![CDATA[Bangalore]]>
              </value>
            </param>
            <param index="6">
              <value>
                <![CDATA[California]]>
              </value>
            </param>
            <param index="7">
              <value>
                <![CDATA[12345]]>
              </value>
            </param>
            <param index="8">
              <value>
                <![CDATA[This is Project Description1]]>
              </value>
            </param>
          </params>
          <reporter-output>
          </reporter-output>
        </test-method> <!-- enterInputFormDetails -->
        <test-method status="PASS" signature="enterInputFormDetails(java.lang.String, java.lang.String, java.lang.String, java.lang.String, java.lang.String, java.lang.String, java.lang.String, java.lang.String, java.lang.String)[pri:0, instance:com.automation.testcases.InputFormSubmitPageTest@6574b225]" name="enterInputFormDetails" duration-ms="4315" started-at="2017-07-25T09:50:24Z" data-provider="DataSupply" finished-at="2017-07-25T09:50:29Z">
          <params>
            <param index="0">
              <value>
                <![CDATA[firstName2]]>
              </value>
            </param>
            <param index="1">
              <value>
                <![CDATA[lastName2]]>
              </value>
            </param>
            <param index="2">
              <value>
                <![CDATA[1email@email.com]]>
              </value>
            </param>
            <param index="3">
              <value>
                <![CDATA[(900)800-1243]]>
              </value>
            </param>
            <param index="4">
              <value>
                <![CDATA[#163, FirstFlr, Doddanekundi]]>
              </value>
            </param>
            <param index="5">
              <value>
                <![CDATA[Bangalore]]>
              </value>
            </param>
            <param index="6">
              <value>
                <![CDATA[Delaware]]>
              </value>
            </param>
            <param index="7">
              <value>
                <![CDATA[12346]]>
              </value>
            </param>
            <param index="8">
              <value>
                <![CDATA[This is Project Description2]]>
              </value>
            </param>
          </params>
          <reporter-output>
          </reporter-output>
        </test-method> <!-- enterInputFormDetails -->
        <test-method status="PASS" signature="validatingFieldsData()[pri:0, instance:com.automation.testcases.InputFormSubmitPageTest@6574b225]" name="validatingFieldsData" duration-ms="10387" started-at="2017-07-25T09:50:29Z" finished-at="2017-07-25T09:50:39Z">
          <reporter-output>
          </reporter-output>
        </test-method> <!-- validatingFieldsData -->
        <test-method status="PASS" signature="after()[pri:0, instance:com.automation.testcases.InputFormSubmitPageTest@6574b225]" name="after" is-config="true" duration-ms="911" started-at="2017-07-25T09:51:02Z" finished-at="2017-07-25T09:51:03Z">
          <reporter-output>
          </reporter-output>
        </test-method> <!-- after -->
      </class> <!-- com.automation.testcases.InputFormSubmitPageTest -->
      <class name="com.automation.testcases.AjaxFormSubmitPageTest">
        <test-method status="PASS" signature="ajaxSubmitPageLaunch()[pri:1, instance:com.automation.testcases.AjaxFormSubmitPageTest@2669b199]" name="ajaxSubmitPageLaunch" duration-ms="864" started-at="2017-07-25T09:50:39Z" finished-at="2017-07-25T09:50:40Z">
          <reporter-output>
          </reporter-output>
        </test-method> <!-- ajaxSubmitPageLaunch -->
        <test-method status="PASS" signature="validatingFieldsData()[pri:2, instance:com.automation.testcases.AjaxFormSubmitPageTest@2669b199]" name="validatingFieldsData" duration-ms="10071" started-at="2017-07-25T09:50:40Z" finished-at="2017-07-25T09:50:50Z">
          <reporter-output>
          </reporter-output>
        </test-method> <!-- validatingFieldsData -->
        <test-method status="PASS" signature="tearDown(org.testng.ITestResult)[pri:0, instance:com.automation.testcases.AjaxFormSubmitPageTest@2669b199]" name="tearDown" is-config="true" duration-ms="0" started-at="2017-07-25T09:50:40Z" finished-at="2017-07-25T09:50:40Z">
          <params>
            <param index="0">
              <value>
                <![CDATA[[TestResult name=ajaxSubmitPageLaunch status=SUCCESS method=AjaxFormSubmitPageTest.ajaxSubmitPageLaunch()[pri:1, instance:com.automation.testcases.AjaxFormSubmitPageTest@2669b199] output={null}]]]>
              </value>
            </param>
          </params>
          <reporter-output>
          </reporter-output>
        </test-method> <!-- tearDown -->
        <test-method status="PASS" signature="tearDown(org.testng.ITestResult)[pri:0, instance:com.automation.testcases.AjaxFormSubmitPageTest@2669b199]" name="tearDown" is-config="true" duration-ms="0" started-at="2017-07-25T09:50:50Z" finished-at="2017-07-25T09:50:50Z">
          <params>
            <param index="0">
              <value>
                <![CDATA[[TestResult name=validatingFieldsData status=SUCCESS method=AjaxFormSubmitPageTest.validatingFieldsData()[pri:2, instance:com.automation.testcases.AjaxFormSubmitPageTest@2669b199] output={null}]]]>
              </value>
            </param>
          </params>
          <reporter-output>
          </reporter-output>
        </test-method> <!-- tearDown -->
        <test-method status="FAIL" signature="submitAjaxForm()[pri:3, instance:com.automation.testcases.AjaxFormSubmitPageTest@2669b199]" name="submitAjaxForm" duration-ms="11084" started-at="2017-07-25T09:50:50Z" finished-at="2017-07-25T09:51:01Z">
          <exception class="org.openqa.selenium.NoSuchElementException">
            <message>
              <![CDATA[Unable to locate element: //input[@id='btn-submit' and @value='submitt']
For documentation on this error, please visit: http://seleniumhq.org/exceptions/no_such_element.html
Build info: version: '3.4.0', revision: 'unknown', time: 'unknown'
System info: host: 'HIBAIL56712', ip: '192.168.1.19', os.name: 'Windows 7', os.arch: 'amd64', os.version: '6.1', java.version: '1.8.0_141'
Driver info: org.openqa.selenium.firefox.FirefoxDriver
Capabilities [{moz:profile=C:\Users\bbanduch\AppData\Local\Temp\rust_mozprofile.utC5Yy0TrIm1, rotatable=false, timeouts={implicit=0.0, pageLoad=300000.0, script=30000.0}, pageLoadStrategy=normal, platform=ANY, specificationLevel=0.0, moz:accessibilityChecks=false, acceptInsecureCerts=false, browserVersion=54.0.1, platformVersion=6.1, moz:processID=1440.0, browserName=firefox, javascriptEnabled=true, platformName=windows_nt}]
Session ID: 7fd56ad2-eec1-45c4-a424-ca1b1a95b264
*** Element info: {Using=xpath, value=//input[@id='btn-submit' and @value='submitt']}]]>
            </message>
            <full-stacktrace>
              <![CDATA[org.openqa.selenium.NoSuchElementException: Unable to locate element: //input[@id='btn-submit' and @value='submitt']
For documentation on this error, please visit: http://seleniumhq.org/exceptions/no_such_element.html
Build info: version: '3.4.0', revision: 'unknown', time: 'unknown'
System info: host: 'HIBAIL56712', ip: '192.168.1.19', os.name: 'Windows 7', os.arch: 'amd64', os.version: '6.1', java.version: '1.8.0_141'
Driver info: org.openqa.selenium.firefox.FirefoxDriver
Capabilities [{moz:profile=C:\Users\bbanduch\AppData\Local\Temp\rust_mozprofile.utC5Yy0TrIm1, rotatable=false, timeouts={implicit=0.0, pageLoad=300000.0, script=30000.0}, pageLoadStrategy=normal, platform=ANY, specificationLevel=0.0, moz:accessibilityChecks=false, acceptInsecureCerts=false, browserVersion=54.0.1, platformVersion=6.1, moz:processID=1440.0, browserName=firefox, javascriptEnabled=true, platformName=windows_nt}]
Session ID: 7fd56ad2-eec1-45c4-a424-ca1b1a95b264
*** Element info: {Using=xpath, value=//input[@id='btn-submit' and @value='submitt']}
	at sun.reflect.NativeConstructorAccessorImpl.newInstance0(Native Method)
	at sun.reflect.NativeConstructorAccessorImpl.newInstance(Unknown Source)
	at sun.reflect.DelegatingConstructorAccessorImpl.newInstance(Unknown Source)
	at java.lang.reflect.Constructor.newInstance(Unknown Source)
	at org.openqa.selenium.remote.http.W3CHttpResponseCodec.createException(W3CHttpResponseCodec.java:150)
	at org.openqa.selenium.remote.http.W3CHttpResponseCodec.decode(W3CHttpResponseCodec.java:115)
	at org.openqa.selenium.remote.http.W3CHttpResponseCodec.decode(W3CHttpResponseCodec.java:45)
	at org.openqa.selenium.remote.HttpCommandExecutor.execute(HttpCommandExecutor.java:164)
	at org.openqa.selenium.remote.service.DriverCommandExecutor.execute(DriverCommandExecutor.java:82)
	at org.openqa.selenium.remote.RemoteWebDriver.execute(RemoteWebDriver.java:637)
	at org.openqa.selenium.remote.RemoteWebDriver.findElement(RemoteWebDriver.java:410)
	at org.openqa.selenium.remote.RemoteWebDriver.findElementByXPath(RemoteWebDriver.java:509)
	at org.openqa.selenium.By$ByXPath.findElement(By.java:361)
	at org.openqa.selenium.remote.RemoteWebDriver.findElement(RemoteWebDriver.java:402)
	at org.openqa.selenium.support.pagefactory.DefaultElementLocator.findElement(DefaultElementLocator.java:69)
	at org.openqa.selenium.support.pagefactory.internal.LocatingElementHandler.invoke(LocatingElementHandler.java:38)
	at com.sun.proxy.$Proxy9.click(Unknown Source)
	at com.automation.pageobjects.AjaxFormSubmitPage.enterAjaxFormDetails(AjaxFormSubmitPage.java:54)
	at com.automation.testcases.AjaxFormSubmitPageTest.submitAjaxForm(AjaxFormSubmitPageTest.java:68)
	at sun.reflect.NativeMethodAccessorImpl.invoke0(Native Method)
	at sun.reflect.NativeMethodAccessorImpl.invoke(Unknown Source)
	at sun.reflect.DelegatingMethodAccessorImpl.invoke(Unknown Source)
	at java.lang.reflect.Method.invoke(Unknown Source)
	at org.testng.internal.MethodInvocationHelper.invokeMethod(MethodInvocationHelper.java:104)
	at org.testng.internal.Invoker.invokeMethod(Invoker.java:645)
	at org.testng.internal.Invoker.invokeTestMethod(Invoker.java:851)
	at org.testng.internal.Invoker.invokeTestMethods(Invoker.java:1177)
	at org.testng.internal.TestMethodWorker.invokeTestMethods(TestMethodWorker.java:129)
	at org.testng.internal.TestMethodWorker.run(TestMethodWorker.java:112)
	at org.testng.TestRunner.privateRun(TestRunner.java:756)
	at org.testng.TestRunner.run(TestRunner.java:610)
	at org.testng.SuiteRunner.runTest(SuiteRunner.java:387)
	at org.testng.SuiteRunner.runSequentially(SuiteRunner.java:382)
	at org.testng.SuiteRunner.privateRun(SuiteRunner.java:340)
	at org.testng.SuiteRunner.run(SuiteRunner.java:289)
	at org.testng.SuiteRunnerWorker.runSuite(SuiteRunnerWorker.java:52)
	at org.testng.SuiteRunnerWorker.run(SuiteRunnerWorker.java:86)
	at org.testng.TestNG.runSuitesSequentially(TestNG.java:1293)
	at org.testng.TestNG.runSuitesLocally(TestNG.java:1218)
	at org.testng.TestNG.runSuites(TestNG.java:1133)
	at org.testng.TestNG.run(TestNG.java:1104)
	at org.apache.maven.surefire.testng.TestNGExecutor.run(TestNGExecutor.java:281)
	at org.apache.maven.surefire.testng.TestNGXmlTestSuite.execute(TestNGXmlTestSuite.java:75)
	at org.apache.maven.surefire.testng.TestNGProvider.invoke(TestNGProvider.java:121)
	at org.apache.maven.surefire.booter.ForkedBooter.invokeProviderInSameClassLoader(ForkedBooter.java:290)
	at org.apache.maven.surefire.booter.ForkedBooter.runSuitesInProcess(ForkedBooter.java:242)
	at org.apache.maven.surefire.booter.ForkedBooter.main(ForkedBooter.java:121)
]]>
            </full-stacktrace>
          </exception> <!-- org.openqa.selenium.NoSuchElementException -->
          <reporter-output>
          </reporter-output>
        </test-method> <!-- submitAjaxForm -->
        <test-method status="PASS" signature="tearDown(org.testng.ITestResult)[pri:0, instance:com.automation.testcases.AjaxFormSubmitPageTest@2669b199]" name="tearDown" is-config="true" duration-ms="90" started-at="2017-07-25T09:51:01Z" finished-at="2017-07-25T09:51:01Z">
          <params>
            <param index="0">
              <value>
                <![CDATA[[TestResult name=submitAjaxForm status=FAILURE method=AjaxFormSubmitPageTest.submitAjaxForm()[pri:3, instance:com.automation.testcases.AjaxFormSubmitPageTest@2669b199] output={null}]]]>
              </value>
            </param>
          </params>
          <reporter-output>
          </reporter-output>
        </test-method> <!-- tearDown -->
        <test-method status="PASS" signature="closeReport()[pri:0, instance:com.automation.testcases.AjaxFormSubmitPageTest@2669b199]" name="closeReport" is-config="true" duration-ms="357" started-at="2017-07-25T09:51:01Z" finished-at="2017-07-25T09:51:02Z">
          <reporter-output>
          </reporter-output>
        </test-method> <!-- closeReport -->
        <test-method status="PASS" signature="inputFormTearDown()[pri:0, instance:com.automation.testcases.InputFormSubmitPageTest@6574b225]" name="inputFormTearDown" is-config="true" duration-ms="90" started-at="2017-07-25T09:51:02Z" finished-at="2017-07-25T09:51:02Z">
          <reporter-output>
          </reporter-output>
        </test-method> <!-- inputFormTearDown -->
      </class> <!-- com.automation.testcases.AjaxFormSubmitPageTest -->
    </test> <!-- Test -->
  </suite> <!-- Suite -->
</testng-results>
