<?xml version="1.0" encoding="UTF-8"?>
<testng-results skipped="0" failed="1" total="6" passed="5">
  <reporter-output>
  </reporter-output>
  <suite name="Suite" duration-ms="44665" started-at="2017-07-25T08:06:30Z" finished-at="2017-07-25T08:07:14Z">
    <groups>
    </groups>
    <test name="Test" duration-ms="44665" started-at="2017-07-25T08:06:30Z" finished-at="2017-07-25T08:07:14Z">
      <class name="com.automation.testcases.InputFormSubmitPageTest">
        <test-method status="PASS" signature="before()[pri:0, instance:com.automation.testcases.InputFormSubmitPageTest@38082d64]" name="before" is-config="true" duration-ms="13095" started-at="2017-07-25T13:36:17Z" finished-at="2017-07-25T13:36:30Z">
          <reporter-output>
          </reporter-output>
        </test-method> <!-- before -->
        <test-method status="PASS" signature="inputFormSubmitLaunch()[pri:0, instance:com.automation.testcases.InputFormSubmitPageTest@38082d64]" name="inputFormSubmitLaunch" is-config="true" duration-ms="1652" started-at="2017-07-25T13:36:30Z" finished-at="2017-07-25T13:36:31Z">
          <reporter-output>
          </reporter-output>
        </test-method> <!-- inputFormSubmitLaunch -->
        <test-method status="PASS" signature="enterInputFormDetails(java.lang.String, java.lang.String, java.lang.String, java.lang.String, java.lang.String, java.lang.String, java.lang.String, java.lang.String, java.lang.String)[pri:0, instance:com.automation.testcases.InputFormSubmitPageTest@38082d64]" name="enterInputFormDetails" duration-ms="4202" started-at="2017-07-25T13:36:33Z" data-provider="DataSupply" finished-at="2017-07-25T13:36:37Z">
          <params>
            <param index="0">
              <value>
                <![CDATA[firstName1]]>
              </value>
            </param>
            <param index="1">
              <value>
                <![CDATA[10/12/16]]>
              </value>
            </param>
            <param index="2">
              <value>
                <![CDATA[1email@email.com]]>
              </value>
            </param>
            <param index="3">
              <value>
                <![CDATA[9008001242]]>
              </value>
            </param>
            <param index="4">
              <value>
                <![CDATA[#163, FirstFlr, Doddanekundi]]>
              </value>
            </param>
            <param index="5">
              <value>
                <![CDATA[Bangalore]]>
              </value>
            </param>
            <param index="6">
              <value>
                <![CDATA[California]]>
              </value>
            </param>
            <param index="7">
              <value>
                <![CDATA[12345]]>
              </value>
            </param>
            <param index="8">
              <value>
                <![CDATA[This is Project Description1]]>
              </value>
            </param>
          </params>
          <reporter-output>
          </reporter-output>
        </test-method> <!-- enterInputFormDetails -->
        <test-method status="PASS" signature="enterInputFormDetails(java.lang.String, java.lang.String, java.lang.String, java.lang.String, java.lang.String, java.lang.String, java.lang.String, java.lang.String, java.lang.String)[pri:0, instance:com.automation.testcases.InputFormSubmitPageTest@38082d64]" name="enterInputFormDetails" duration-ms="4219" started-at="2017-07-25T13:36:37Z" data-provider="DataSupply" finished-at="2017-07-25T13:36:41Z">
          <params>
            <param index="0">
              <value>
                <![CDATA[firstName2]]>
              </value>
            </param>
            <param index="1">
              <value>
                <![CDATA[lastName2]]>
              </value>
            </param>
            <param index="2">
              <value>
                <![CDATA[1email@email.com]]>
              </value>
            </param>
            <param index="3">
              <value>
                <![CDATA[(900)800-1243]]>
              </value>
            </param>
            <param index="4">
              <value>
                <![CDATA[#163, FirstFlr, Doddanekundi]]>
              </value>
            </param>
            <param index="5">
              <value>
                <![CDATA[Bangalore]]>
              </value>
            </param>
            <param index="6">
              <value>
                <![CDATA[Delaware]]>
              </value>
            </param>
            <param index="7">
              <value>
                <![CDATA[12346]]>
              </value>
            </param>
            <param index="8">
              <value>
                <![CDATA[This is Project Description2]]>
              </value>
            </param>
          </params>
          <reporter-output>
          </reporter-output>
        </test-method> <!-- enterInputFormDetails -->
        <test-method status="PASS" signature="validatingFieldsData()[pri:0, instance:com.automation.testcases.InputFormSubmitPageTest@38082d64]" name="validatingFieldsData" duration-ms="10373" started-at="2017-07-25T13:36:41Z" finished-at="2017-07-25T13:36:52Z">
          <reporter-output>
          </reporter-output>
        </test-method> <!-- validatingFieldsData -->
        <test-method status="PASS" signature="after()[pri:0, instance:com.automation.testcases.InputFormSubmitPageTest@38082d64]" name="after" is-config="true" duration-ms="1110" started-at="2017-07-25T13:37:14Z" finished-at="2017-07-25T13:37:16Z">
          <reporter-output>
          </reporter-output>
        </test-method> <!-- after -->
      </class> <!-- com.automation.testcases.InputFormSubmitPageTest -->
      <class name="com.automation.testcases.AjaxFormSubmitPageTest">
        <test-method status="PASS" signature="ajaxSubmitPageLaunch()[pri:0, instance:com.automation.testcases.AjaxFormSubmitPageTest@246ae04d]" name="ajaxSubmitPageLaunch" duration-ms="1018" started-at="2017-07-25T13:36:52Z" finished-at="2017-07-25T13:36:53Z">
          <reporter-output>
          </reporter-output>
        </test-method> <!-- ajaxSubmitPageLaunch -->
        <test-method status="PASS" signature="tearDown(org.testng.ITestResult)[pri:0, instance:com.automation.testcases.AjaxFormSubmitPageTest@246ae04d]" name="tearDown" is-config="true" duration-ms="388" started-at="2017-07-25T13:36:53Z" finished-at="2017-07-25T13:36:53Z">
          <params>
            <param index="0">
              <value>
                <![CDATA[[TestResult name=ajaxSubmitPageLaunch status=SUCCESS method=AjaxFormSubmitPageTest.ajaxSubmitPageLaunch()[pri:0, instance:com.automation.testcases.AjaxFormSubmitPageTest@246ae04d] output={null}]]]>
              </value>
            </param>
          </params>
          <reporter-output>
          </reporter-output>
        </test-method> <!-- tearDown -->
        <test-method status="PASS" signature="validatingFieldsData()[pri:0, instance:com.automation.testcases.AjaxFormSubmitPageTest@246ae04d]" name="validatingFieldsData" duration-ms="10092" started-at="2017-07-25T13:36:53Z" finished-at="2017-07-25T13:37:03Z">
          <reporter-output>
          </reporter-output>
        </test-method> <!-- validatingFieldsData -->
        <test-method status="PASS" signature="tearDown(org.testng.ITestResult)[pri:0, instance:com.automation.testcases.AjaxFormSubmitPageTest@246ae04d]" name="tearDown" is-config="true" duration-ms="61" started-at="2017-07-25T13:37:03Z" finished-at="2017-07-25T13:37:03Z">
          <params>
            <param index="0">
              <value>
                <![CDATA[[TestResult name=validatingFieldsData status=SUCCESS method=AjaxFormSubmitPageTest.validatingFieldsData()[pri:0, instance:com.automation.testcases.AjaxFormSubmitPageTest@246ae04d] output={null}]]]>
              </value>
            </param>
          </params>
          <reporter-output>
          </reporter-output>
        </test-method> <!-- tearDown -->
        <test-method status="FAIL" signature="submitAjaxForm()[pri:0, instance:com.automation.testcases.AjaxFormSubmitPageTest@246ae04d]" name="submitAjaxForm" duration-ms="10798" started-at="2017-07-25T13:37:03Z" finished-at="2017-07-25T13:37:14Z">
          <exception class="org.openqa.selenium.NoSuchElementException">
            <message>
              <![CDATA[Unable to locate element: //input[@id='btn-submit' and @value='submitt']
For documentation on this error, please visit: http://seleniumhq.org/exceptions/no_such_element.html
Build info: version: '3.4.0', revision: 'unknown', time: 'unknown'
System info: host: 'HIBAIL56712', ip: '10.91.232.71', os.name: 'Windows 7', os.arch: 'amd64', os.version: '6.1', java.version: '1.8.0_141'
Driver info: org.openqa.selenium.firefox.FirefoxDriver
Capabilities [{moz:profile=C:\Users\bbanduch\AppData\Local\Temp\rust_mozprofile.YnznVpdEL1Nk, rotatable=false, timeouts={implicit=0.0, pageLoad=300000.0, script=30000.0}, pageLoadStrategy=normal, platform=ANY, specificationLevel=0.0, moz:accessibilityChecks=false, acceptInsecureCerts=false, browserVersion=54.0.1, platformVersion=6.1, moz:processID=10128.0, browserName=firefox, javascriptEnabled=true, platformName=windows_nt}]
Session ID: bd512939-5e81-4dd6-a6cd-2a7bee9bb4a7
*** Element info: {Using=xpath, value=//input[@id='btn-submit' and @value='submitt']}]]>
            </message>
            <full-stacktrace>
              <![CDATA[org.openqa.selenium.NoSuchElementException: Unable to locate element: //input[@id='btn-submit' and @value='submitt']
For documentation on this error, please visit: http://seleniumhq.org/exceptions/no_such_element.html
Build info: version: '3.4.0', revision: 'unknown', time: 'unknown'
System info: host: 'HIBAIL56712', ip: '10.91.232.71', os.name: 'Windows 7', os.arch: 'amd64', os.version: '6.1', java.version: '1.8.0_141'
Driver info: org.openqa.selenium.firefox.FirefoxDriver
Capabilities [{moz:profile=C:\Users\bbanduch\AppData\Local\Temp\rust_mozprofile.YnznVpdEL1Nk, rotatable=false, timeouts={implicit=0.0, pageLoad=300000.0, script=30000.0}, pageLoadStrategy=normal, platform=ANY, specificationLevel=0.0, moz:accessibilityChecks=false, acceptInsecureCerts=false, browserVersion=54.0.1, platformVersion=6.1, moz:processID=10128.0, browserName=firefox, javascriptEnabled=true, platformName=windows_nt}]
Session ID: bd512939-5e81-4dd6-a6cd-2a7bee9bb4a7
*** Element info: {Using=xpath, value=//input[@id='btn-submit' and @value='submitt']}
	at sun.reflect.NativeConstructorAccessorImpl.newInstance0(Native Method)
	at sun.reflect.NativeConstructorAccessorImpl.newInstance(Unknown Source)
	at sun.reflect.DelegatingConstructorAccessorImpl.newInstance(Unknown Source)
	at java.lang.reflect.Constructor.newInstance(Unknown Source)
	at org.openqa.selenium.remote.http.W3CHttpResponseCodec.createException(W3CHttpResponseCodec.java:150)
	at org.openqa.selenium.remote.http.W3CHttpResponseCodec.decode(W3CHttpResponseCodec.java:115)
	at org.openqa.selenium.remote.http.W3CHttpResponseCodec.decode(W3CHttpResponseCodec.java:45)
	at org.openqa.selenium.remote.HttpCommandExecutor.execute(HttpCommandExecutor.java:164)
	at org.openqa.selenium.remote.service.DriverCommandExecutor.execute(DriverCommandExecutor.java:82)
	at org.openqa.selenium.remote.RemoteWebDriver.execute(RemoteWebDriver.java:637)
	at org.openqa.selenium.remote.RemoteWebDriver.findElement(RemoteWebDriver.java:410)
	at org.openqa.selenium.remote.RemoteWebDriver.findElementByXPath(RemoteWebDriver.java:509)
	at org.openqa.selenium.By$ByXPath.findElement(By.java:361)
	at org.openqa.selenium.remote.RemoteWebDriver.findElement(RemoteWebDriver.java:402)
	at org.openqa.selenium.support.pagefactory.DefaultElementLocator.findElement(DefaultElementLocator.java:69)
	at org.openqa.selenium.support.pagefactory.internal.LocatingElementHandler.invoke(LocatingElementHandler.java:38)
	at com.sun.proxy.$Proxy10.click(Unknown Source)
	at com.automation.pageobjects.AjaxFormSubmitPage.enterAjaxFormDetails(AjaxFormSubmitPage.java:52)
	at com.automation.testcases.AjaxFormSubmitPageTest.submitAjaxForm(AjaxFormSubmitPageTest.java:69)
	at sun.reflect.NativeMethodAccessorImpl.invoke0(Native Method)
	at sun.reflect.NativeMethodAccessorImpl.invoke(Unknown Source)
	at sun.reflect.DelegatingMethodAccessorImpl.invoke(Unknown Source)
	at java.lang.reflect.Method.invoke(Unknown Source)
	at org.testng.internal.MethodInvocationHelper.invokeMethod(MethodInvocationHelper.java:84)
	at org.testng.internal.Invoker.invokeMethod(Invoker.java:714)
	at org.testng.internal.Invoker.invokeTestMethod(Invoker.java:901)
	at org.testng.internal.Invoker.invokeTestMethods(Invoker.java:1231)
	at org.testng.internal.TestMethodWorker.invokeTestMethods(TestMethodWorker.java:127)
	at org.testng.internal.TestMethodWorker.run(TestMethodWorker.java:111)
	at org.testng.TestRunner.privateRun(TestRunner.java:767)
	at org.testng.TestRunner.run(TestRunner.java:617)
	at org.testng.SuiteRunner.runTest(SuiteRunner.java:334)
	at org.testng.SuiteRunner.runSequentially(SuiteRunner.java:329)
	at org.testng.SuiteRunner.privateRun(SuiteRunner.java:291)
	at org.testng.SuiteRunner.run(SuiteRunner.java:240)
	at org.testng.SuiteRunnerWorker.runSuite(SuiteRunnerWorker.java:52)
	at org.testng.SuiteRunnerWorker.run(SuiteRunnerWorker.java:86)
	at org.testng.TestNG.runSuitesSequentially(TestNG.java:1224)
	at org.testng.TestNG.runSuitesLocally(TestNG.java:1149)
	at org.testng.TestNG.run(TestNG.java:1057)
	at org.testng.remote.RemoteTestNG.run(RemoteTestNG.java:111)
	at org.testng.remote.RemoteTestNG.initAndRun(RemoteTestNG.java:204)
	at org.testng.remote.RemoteTestNG.main(RemoteTestNG.java:175)
]]>
            </full-stacktrace>
          </exception> <!-- org.openqa.selenium.NoSuchElementException -->
          <reporter-output>
          </reporter-output>
        </test-method> <!-- submitAjaxForm -->
        <test-method status="PASS" signature="tearDown(org.testng.ITestResult)[pri:0, instance:com.automation.testcases.AjaxFormSubmitPageTest@246ae04d]" name="tearDown" is-config="true" duration-ms="198" started-at="2017-07-25T13:37:14Z" finished-at="2017-07-25T13:37:14Z">
          <params>
            <param index="0">
              <value>
                <![CDATA[[TestResult name=submitAjaxForm status=FAILURE method=AjaxFormSubmitPageTest.submitAjaxForm()[pri:0, instance:com.automation.testcases.AjaxFormSubmitPageTest@246ae04d] output={null}]]]>
              </value>
            </param>
          </params>
          <reporter-output>
          </reporter-output>
        </test-method> <!-- tearDown -->
        <test-method status="PASS" signature="closeReport()[pri:0, instance:com.automation.testcases.AjaxFormSubmitPageTest@246ae04d]" name="closeReport" is-config="true" duration-ms="61" started-at="2017-07-25T13:37:14Z" finished-at="2017-07-25T13:37:14Z">
          <reporter-output>
          </reporter-output>
        </test-method> <!-- closeReport -->
        <test-method status="PASS" signature="inputFormTearDown()[pri:0, instance:com.automation.testcases.InputFormSubmitPageTest@38082d64]" name="inputFormTearDown" is-config="true" duration-ms="50" started-at="2017-07-25T13:37:14Z" finished-at="2017-07-25T13:37:14Z">
          <reporter-output>
          </reporter-output>
        </test-method> <!-- inputFormTearDown -->
      </class> <!-- com.automation.testcases.AjaxFormSubmitPageTest -->
    </test> <!-- Test -->
  </suite> <!-- Suite -->
</testng-results>
